<?xml version="1.0" encoding="UTF-8"?>
<testng-results ignored="0" total="1" passed="1" failed="0" skipped="0">
  <reporter-output>
  </reporter-output>
  <suite started-at="2018-04-14T18:03:11Z" name="Default suite" finished-at="2018-04-14T18:03:27Z" duration-ms="15928">
    <groups>
    </groups>
    <test started-at="2018-04-14T18:03:11Z" name="Default test" finished-at="2018-04-14T18:03:27Z" duration-ms="15928">
      <class name="ExcerciseOne">
        <test-method signature="primePageValidation()[pri:0, instance:ExcerciseOne@4c39bec8]" started-at="2018-04-14T18:03:11Z" name="primePageValidation" finished-at="2018-04-14T18:03:27Z" duration-ms="15887" status="PASS">
          <reporter-output>
          </reporter-output>
        </test-method> <!-- primePageValidation -->
      </class> <!-- ExcerciseOne -->
    </test> <!-- Default test -->
  </suite> <!-- Default suite -->
</testng-results>
